<?xml version="1.0" encoding="UTF-8"?>
<!-- Generated by org.testng.reporters.JUnitXMLReporter -->
<testsuite ignored="0" hostname="DESKTOP-6NLN9VT" failures="0" tests="4" name="Default test" time="264.328" errors="0" timestamp="2023-03-15T19:30:26 IST">
  <testcase classname="com.bridgelabz.qa.datadriven.DataDriven_Framework" name="login" time="224.347"/>
  <testcase classname="com.bridgelabz.qa.datadriven.DataDriven_Framework" name="login" time="14.117"/>
  <testcase classname="com.bridgelabz.qa.datadriven.DataDriven_Framework" name="login" time="11.603"/>
  <testcase classname="com.bridgelabz.qa.datadriven.DataDriven_Framework" name="login" time="12.332"/>
</testsuite> <!-- Default test -->
