<?xml version="1.0" encoding="UTF-8"?>
<testng-results ignored="0" total="4" passed="4" failed="0" skipped="0">
  <reporter-output>
  </reporter-output>
  <suite started-at="2023-03-15T19:26:02 IST" name="Default suite" finished-at="2023-03-15T19:30:26 IST" duration-ms="264328">
    <groups>
    </groups>
    <test started-at="2023-03-15T19:26:02 IST" name="Default test" finished-at="2023-03-15T19:30:26 IST" duration-ms="264328">
      <class name="com.bridgelabz.qa.datadriven.DataDriven_Framework">
        <test-method signature="login(java.lang.String,java.lang.String)[pri:0, instance:com.bridgelabz.qa.datadriven.DataDriven_Framework@59a008ba]" started-at="2023-03-15T19:26:03 IST" name="login" data-provider="wordpressData" finished-at="2023-03-15T19:29:48 IST" duration-ms="224347" status="PASS">
          <params>
            <param index="0">
              <value>
                <![CDATA[kader]]>
              </value>
            </param>
            <param index="1">
              <value>
                <![CDATA[sahib]]>
              </value>
            </param>
          </params>
          <reporter-output>
          </reporter-output>
        </test-method> <!-- login -->
        <test-method signature="login(java.lang.String,java.lang.String)[pri:0, instance:com.bridgelabz.qa.datadriven.DataDriven_Framework@59a008ba]" started-at="2023-03-15T19:29:48 IST" name="login" data-provider="wordpressData" finished-at="2023-03-15T19:30:02 IST" duration-ms="14117" status="PASS">
          <params>
            <param index="0">
              <value>
                <![CDATA[kadersahib]]>
              </value>
            </param>
            <param index="1">
              <value>
                <![CDATA[kader]]>
              </value>
            </param>
          </params>
          <reporter-output>
          </reporter-output>
        </test-method> <!-- login -->
        <test-method signature="login(java.lang.String,java.lang.String)[pri:0, instance:com.bridgelabz.qa.datadriven.DataDriven_Framework@59a008ba]" started-at="2023-03-15T19:30:02 IST" name="login" data-provider="wordpressData" finished-at="2023-03-15T19:30:14 IST" duration-ms="11603" status="PASS">
          <params>
            <param index="0">
              <value>
                <![CDATA[kasersahib@gmail.com]]>
              </value>
            </param>
            <param index="1">
              <value>
                <![CDATA[mohideen]]>
              </value>
            </param>
          </params>
          <reporter-output>
          </reporter-output>
        </test-method> <!-- login -->
        <test-method signature="login(java.lang.String,java.lang.String)[pri:0, instance:com.bridgelabz.qa.datadriven.DataDriven_Framework@59a008ba]" started-at="2023-03-15T19:30:14 IST" name="login" data-provider="wordpressData" finished-at="2023-03-15T19:30:26 IST" duration-ms="12332" status="PASS">
          <params>
            <param index="0">
              <value>
                <![CDATA[sahib123@gmail.com]]>
              </value>
            </param>
            <param index="1">
              <value>
                <![CDATA[sahibkader]]>
              </value>
            </param>
          </params>
          <reporter-output>
          </reporter-output>
        </test-method> <!-- login -->
      </class> <!-- com.bridgelabz.qa.datadriven.DataDriven_Framework -->
    </test> <!-- Default test -->
  </suite> <!-- Default suite -->
</testng-results>
