<?xml version="1.0" encoding="UTF-8"?>
<testng-results ignored="0" total="1" passed="1" failed="0" skipped="0">
  <reporter-output>
  </reporter-output>
  <suite started-at="2023-03-14T19:55:34 IST" name="Default suite" finished-at="2023-03-14T19:55:44 IST" duration-ms="9968">
    <groups>
    </groups>
    <test started-at="2023-03-14T19:55:34 IST" name="Default test" finished-at="2023-03-14T19:55:44 IST" duration-ms="9968">
      <class name="com.bridgelabz.qa.extendreports.ExtendReports">
        <test-method signature="extendReports()[pri:0, instance:com.bridgelabz.qa.extendreports.ExtendReports@3403e2ac]" started-at="2023-03-14T19:55:35 IST" name="extendReports" finished-at="2023-03-14T19:55:44 IST" duration-ms="9717" status="PASS">
          <reporter-output>
          </reporter-output>
        </test-method> <!-- extendReports -->
      </class> <!-- com.bridgelabz.qa.extendreports.ExtendReports -->
    </test> <!-- Default test -->
  </suite> <!-- Default suite -->
</testng-results>
